<?xml version="1.0" encoding="UTF-8"?>
<!-- Generated by org.testng.reporters.JUnitXMLReporter -->
<testsuite hostname="RIPLBRD50" ignored="0" name="Login" tests="7" failures="0" timestamp="26 Apr 2018 07:14:57 GMT" time="0.662" errors="0">
  <testcase name="@BeforeTest setUp1" time="0.0" classname="com.test.automation.UIAutomation.testBase.TestBase">
    <failure type="java.lang.NoSuchMethodError" message="org.openqa.selenium.chrome.ChromeOptions.setCapability(Ljava/lang/String;Lorg/openqa/selenium/Platform;)V">
      <![CDATA[java.lang.NoSuchMethodError: org.openqa.selenium.chrome.ChromeOptions.setCapability(Ljava/lang/String;Lorg/openqa/selenium/Platform;)V
	at com.test.automation.UIAutomation.testBase.LocalDriverFactory.initChromeDriver(LocalDriverFactory.java:86)
	at com.test.automation.UIAutomation.testBase.LocalDriverFactory.createInstance(LocalDriverFactory.java:53)
	at com.test.automation.UIAutomation.testBase.LocalDriverFactory.initilize(LocalDriverFactory.java:31)
	at com.test.automation.UIAutomation.testBase.TestBase.setDriver(TestBase.java:231)
	at com.test.automation.UIAutomation.testBase.TestBase.initializeTestBaseSetup(TestBase.java:222)
	at com.test.automation.UIAutomation.testBase.TestBase.setUp1(TestBase.java:207)
	at java.util.concurrent.FutureTask.run(FutureTask.java:266)
	at java.util.concurrent.ThreadPoolExecutor.runWorker(ThreadPoolExecutor.java:1142)
	at java.util.concurrent.ThreadPoolExecutor$Worker.run(ThreadPoolExecutor.java:617)
	at java.lang.Thread.run(Thread.java:745)
... Removed 14 stack frames]]>
    </failure>
  </testcase> <!-- @BeforeTest setUp1 -->
  <testcase name="verifiyLoginWithDifferentRecords" time="0.001" classname="com.test.automation.UIAutomation.tests.VerifiyLoginWithDifferentRecords">
    <skipped/>
  </testcase> <!-- verifiyLoginWithDifferentRecords -->
  <testcase name="verifiyLoginWithDifferentRecords" time="0.001" classname="com.test.automation.UIAutomation.tests.VerifiyLoginWithDifferentRecords">
    <skipped/>
  </testcase> <!-- verifiyLoginWithDifferentRecords -->
  <testcase name="verifiyLoginWithDifferentRecords" time="0.001" classname="com.test.automation.UIAutomation.tests.VerifiyLoginWithDifferentRecords">
    <skipped/>
  </testcase> <!-- verifiyLoginWithDifferentRecords -->
  <testcase name="verifiyLoginWithDifferentRecords" time="0.001" classname="com.test.automation.UIAutomation.tests.VerifiyLoginWithDifferentRecords">
    <skipped/>
  </testcase> <!-- verifiyLoginWithDifferentRecords -->
  <testcase name="verifiyLoginWithDifferentRecords" time="0.001" classname="com.test.automation.UIAutomation.tests.VerifiyLoginWithDifferentRecords">
    <skipped/>
  </testcase> <!-- verifiyLoginWithDifferentRecords -->
  <testcase name="verifiyLoginWithDifferentRecords" time="0.001" classname="com.test.automation.UIAutomation.tests.VerifiyLoginWithDifferentRecords">
    <skipped/>
  </testcase> <!-- verifiyLoginWithDifferentRecords -->
  <testcase name="verifiyLoginWithDifferentRecords" time="0.0" classname="com.test.automation.UIAutomation.tests.VerifiyLoginWithDifferentRecords">
    <skipped/>
  </testcase> <!-- verifiyLoginWithDifferentRecords -->
</testsuite> <!-- Login -->
