<?xml version="1.0" encoding="UTF-8"?>
<!-- Generated by org.testng.reporters.JUnitXMLReporter -->
<testsuite hostname="RIPLBRD50" ignored="0" name="DashboardAdminHeader" tests="4" failures="0" timestamp="08 May 2018 09:32:38 GMT" time="0.623" errors="0">
  <testcase name="@BeforeTest setUp1" time="0.0" classname="com.test.automation.UIAutomation.testBase.TestBase">
    <failure type="java.lang.NoSuchMethodError" message="org.openqa.selenium.chrome.ChromeOptions.setCapability(Ljava/lang/String;Z)V">
      <![CDATA[java.lang.NoSuchMethodError: org.openqa.selenium.chrome.ChromeOptions.setCapability(Ljava/lang/String;Z)V
	at com.test.automation.UIAutomation.testBase.LocalDriverFactory.initChromeDriver(LocalDriverFactory.java:84)
	at com.test.automation.UIAutomation.testBase.LocalDriverFactory.createInstance(LocalDriverFactory.java:50)
	at com.test.automation.UIAutomation.testBase.LocalDriverFactory.initilize(LocalDriverFactory.java:29)
	at com.test.automation.UIAutomation.testBase.TestBase.setDriver(TestBase.java:236)
	at com.test.automation.UIAutomation.testBase.TestBase.initializeTestBaseSetup(TestBase.java:226)
	at com.test.automation.UIAutomation.testBase.TestBase.setUp1(TestBase.java:211)
	at java.util.concurrent.FutureTask.run(FutureTask.java:266)
	at java.util.concurrent.ThreadPoolExecutor.runWorker(ThreadPoolExecutor.java:1142)
	at java.util.concurrent.ThreadPoolExecutor$Worker.run(ThreadPoolExecutor.java:617)
	at java.lang.Thread.run(Thread.java:745)
... Removed 14 stack frames]]>
    </failure>
  </testcase> <!-- @BeforeTest setUp1 -->
  <testcase name="Logins" time="0.003" classname="com.test.automation.UIAutomation.tests.DashboardAdminHeaderTest">
    <skipped/>
  </testcase> <!-- Logins -->
  <testcase name="selctDashboardPage" time="0.0" classname="com.test.automation.UIAutomation.tests.DashboardAdminHeaderTest">
    <skipped/>
  </testcase> <!-- selctDashboardPage -->
  <testcase name="selectHeader" time="0.0" classname="com.test.automation.UIAutomation.tests.DashboardAdminHeaderTest">
    <skipped/>
  </testcase> <!-- selectHeader -->
  <testcase name="exportReport" time="0.0" classname="com.test.automation.UIAutomation.tests.DashboardAdminHeaderTest">
    <skipped/>
  </testcase> <!-- exportReport -->
</testsuite> <!-- DashboardAdminHeader -->
