<?xml version="1.0" encoding="UTF-8"?>
<!-- Generated by org.testng.reporters.JUnitXMLReporter -->
<testsuite hostname="RIPLBRD50" ignored="0" name="AssessmentCandidate" tests="4" failures="0" timestamp="17 May 2018 04:27:32 GMT" time="0.585" errors="0">
  <testcase name="@BeforeTest setUp1" time="0.0" classname="com.test.automation.UIAutomation.testBase.TestBase">
    <failure type="java.lang.NoSuchMethodError" message="org.openqa.selenium.chrome.ChromeOptions.setCapability(Ljava/lang/String;Z)V">
      <![CDATA[java.lang.NoSuchMethodError: org.openqa.selenium.chrome.ChromeOptions.setCapability(Ljava/lang/String;Z)V
	at com.test.automation.UIAutomation.testBase.LocalDriverFactory.initChromeDriver(LocalDriverFactory.java:84)
	at com.test.automation.UIAutomation.testBase.LocalDriverFactory.createInstance(LocalDriverFactory.java:50)
	at com.test.automation.UIAutomation.testBase.LocalDriverFactory.initilize(LocalDriverFactory.java:29)
	at com.test.automation.UIAutomation.testBase.TestBase.setDriver(TestBase.java:236)
	at com.test.automation.UIAutomation.testBase.TestBase.initializeTestBaseSetup(TestBase.java:226)
	at com.test.automation.UIAutomation.testBase.TestBase.setUp1(TestBase.java:211)
	at java.util.concurrent.FutureTask.run(FutureTask.java:266)
	at java.util.concurrent.ThreadPoolExecutor.runWorker(ThreadPoolExecutor.java:1142)
	at java.util.concurrent.ThreadPoolExecutor$Worker.run(ThreadPoolExecutor.java:617)
	at java.lang.Thread.run(Thread.java:745)
... Removed 14 stack frames]]>
    </failure>
  </testcase> <!-- @BeforeTest setUp1 -->
  <testcase name="Logins" time="0.002" classname="com.test.automation.UIAutomation.tests.AssessmentCandidateTest">
    <skipped/>
  </testcase> <!-- Logins -->
  <testcase name="selctCandidateListPage" time="0.0" classname="com.test.automation.UIAutomation.tests.AssessmentCandidateTest">
    <skipped/>
  </testcase> <!-- selctCandidateListPage -->
  <testcase name="selectCandidate" time="0.0" classname="com.test.automation.UIAutomation.tests.AssessmentCandidateTest">
    <skipped/>
  </testcase> <!-- selectCandidate -->
  <testcase name="clickAssignbtn" time="0.001" classname="com.test.automation.UIAutomation.tests.AssessmentCandidateTest">
    <skipped/>
  </testcase> <!-- clickAssignbtn -->
</testsuite> <!-- AssessmentCandidate -->
