<?xml version="1.0" encoding="UTF-8"?>
<testng-results skipped="5" failed="0" ignored="0" total="7" passed="2">
  <reporter-output>
    <line>
      <![CDATA[inside method beforeNavigateTo on : http://staging.sourcepros.com/]]>
    </line>
    <line>
      <![CDATA[Navigated to:'http://staging.sourcepros.com/']]>
    </line>
    <line>
      <![CDATA[inside method beforeNavigateRefresh on]]>
    </line>
    <line>
      <![CDATA[inside method afterNavigateRefresh on ]]>
    </line>
    <line>
      <![CDATA[inside method beforeChangeValueOf on : Clicked]]>
    </line>
    <line>
      <![CDATA[inside method afterChangeValueOf on  : Clicked]]>
    </line>
    <line>
      <![CDATA[inside method beforeChangeValueOf on : Clicked]]>
    </line>
    <line>
      <![CDATA[inside method afterChangeValueOf on  : Clicked]]>
    </line>
    <line>
      <![CDATA[inside method beforeChangeValueOf on : Clicked]]>
    </line>
    <line>
      <![CDATA[inside method afterChangeValueOf on  : Clicked]]>
    </line>
    <line>
      <![CDATA[inside method beforeChangeValueOf on : Clicked]]>
    </line>
    <line>
      <![CDATA[inside method afterChangeValueOf on  : Clicked]]>
    </line>
    <line>
      <![CDATA[Trying to click on: [[RemoteWebDriver: chrome on XP (b8f39ab490fa56561b7dd457d2b73089)] -> xpath: //input[@id='btnsubmit']]]]>
    </line>
    <line>
      <![CDATA[Clicked on: [[RemoteWebDriver: chrome on XP (b8f39ab490fa56561b7dd457d2b73089)] -> xpath: //input[@id='btnsubmit']]]]>
    </line>
    <line>
      <![CDATA[inside method beforeNavigateRefresh on]]>
    </line>
    <line>
      <![CDATA[inside method afterNavigateRefresh on ]]>
    </line>
    <line>
      <![CDATA[inside method beforeChangeValueOf on : Clicked]]>
    </line>
    <line>
      <![CDATA[inside method afterChangeValueOf on  : Clicked]]>
    </line>
    <line>
      <![CDATA[inside method beforeChangeValueOf on : Clicked]]>
    </line>
    <line>
      <![CDATA[inside method afterChangeValueOf on  : Clicked]]>
    </line>
    <line>
      <![CDATA[inside method beforeChangeValueOf on : Clicked]]>
    </line>
    <line>
      <![CDATA[inside method afterChangeValueOf on  : Clicked]]>
    </line>
    <line>
      <![CDATA[inside method beforeChangeValueOf on : Clicked]]>
    </line>
    <line>
      <![CDATA[inside method afterChangeValueOf on  : Clicked]]>
    </line>
    <line>
      <![CDATA[Trying to click on: [[RemoteWebDriver: chrome on XP (b8f39ab490fa56561b7dd457d2b73089)] -> xpath: //input[@id='btnsubmit']]]]>
    </line>
    <line>
      <![CDATA[Clicked on: [[RemoteWebDriver: chrome on XP (b8f39ab490fa56561b7dd457d2b73089)] -> xpath: //input[@id='btnsubmit']]]]>
    </line>
  </reporter-output>
  <suite name="Login With DifferentRecords Suite" duration-ms="26953" started-at="2018-06-26T07:02:16Z" finished-at="2018-06-26T07:02:43Z">
    <groups>
    </groups>
    <test name="Login" duration-ms="26953" started-at="2018-06-26T07:02:16Z" finished-at="2018-06-26T07:02:43Z">
      <class name="com.test.automation.UIAutomation.tests.VerifiyLoginWithDifferentRecords">
        <test-method status="PASS" signature="setUp1()[pri:0, instance:com.test.automation.UIAutomation.tests.VerifiyLoginWithDifferentRecords@5ea434c8]" name="setUp1" is-config="true" duration-ms="18043" started-at="2018-06-26T03:02:16Z" finished-at="2018-06-26T03:02:34Z">
          <reporter-output>
            <line>
              <![CDATA[inside method beforeNavigateTo on : http://staging.sourcepros.com/]]>
            </line>
            <line>
              <![CDATA[Navigated to:'http://staging.sourcepros.com/']]>
            </line>
          </reporter-output>
        </test-method> <!-- setUp1 -->
        <test-method status="PASS" signature="verifiyLoginWithDifferentRecords(java.lang.String, java.lang.String, java.lang.String)[pri:0, instance:com.test.automation.UIAutomation.tests.VerifiyLoginWithDifferentRecords@5ea434c8]" name="verifiyLoginWithDifferentRecords" duration-ms="4399" started-at="2018-06-26T03:02:35Z" data-provider="loginData" finished-at="2018-06-26T03:02:39Z">
          <params>
            <param index="0">
              <value>
                <![CDATA[yogeshsolanki@Rangam.com]]>
              </value>
            </param>
            <param index="1">
              <value>
                <![CDATA[Rangam@123]]>
              </value>
            </param>
            <param index="2">
              <value>
                <![CDATA[y]]>
              </value>
            </param>
          </params>
          <reporter-output>
            <line>
              <![CDATA[inside method beforeNavigateRefresh on]]>
            </line>
            <line>
              <![CDATA[inside method afterNavigateRefresh on ]]>
            </line>
            <line>
              <![CDATA[inside method beforeChangeValueOf on : Clicked]]>
            </line>
            <line>
              <![CDATA[inside method afterChangeValueOf on  : Clicked]]>
            </line>
            <line>
              <![CDATA[inside method beforeChangeValueOf on : Clicked]]>
            </line>
            <line>
              <![CDATA[inside method afterChangeValueOf on  : Clicked]]>
            </line>
            <line>
              <![CDATA[inside method beforeChangeValueOf on : Clicked]]>
            </line>
            <line>
              <![CDATA[inside method afterChangeValueOf on  : Clicked]]>
            </line>
            <line>
              <![CDATA[inside method beforeChangeValueOf on : Clicked]]>
            </line>
            <line>
              <![CDATA[inside method afterChangeValueOf on  : Clicked]]>
            </line>
            <line>
              <![CDATA[Trying to click on: [[RemoteWebDriver: chrome on XP (b8f39ab490fa56561b7dd457d2b73089)] -> xpath: //input[@id='btnsubmit']]]]>
            </line>
            <line>
              <![CDATA[Clicked on: [[RemoteWebDriver: chrome on XP (b8f39ab490fa56561b7dd457d2b73089)] -> xpath: //input[@id='btnsubmit']]]]>
            </line>
          </reporter-output>
        </test-method> <!-- verifiyLoginWithDifferentRecords -->
        <test-method status="PASS" signature="verifiyLoginWithDifferentRecords(java.lang.String, java.lang.String, java.lang.String)[pri:0, instance:com.test.automation.UIAutomation.tests.VerifiyLoginWithDifferentRecords@5ea434c8]" name="verifiyLoginWithDifferentRecords" duration-ms="3402" started-at="2018-06-26T03:02:39Z" data-provider="loginData" finished-at="2018-06-26T03:02:43Z">
          <params>
            <param index="0">
              <value>
                <![CDATA[xyz@rangam.com]]>
              </value>
            </param>
            <param index="1">
              <value>
                <![CDATA[wtc@2017]]>
              </value>
            </param>
            <param index="2">
              <value>
                <![CDATA[y]]>
              </value>
            </param>
          </params>
          <reporter-output>
            <line>
              <![CDATA[inside method beforeNavigateRefresh on]]>
            </line>
            <line>
              <![CDATA[inside method afterNavigateRefresh on ]]>
            </line>
            <line>
              <![CDATA[inside method beforeChangeValueOf on : Clicked]]>
            </line>
            <line>
              <![CDATA[inside method afterChangeValueOf on  : Clicked]]>
            </line>
            <line>
              <![CDATA[inside method beforeChangeValueOf on : Clicked]]>
            </line>
            <line>
              <![CDATA[inside method afterChangeValueOf on  : Clicked]]>
            </line>
            <line>
              <![CDATA[inside method beforeChangeValueOf on : Clicked]]>
            </line>
            <line>
              <![CDATA[inside method afterChangeValueOf on  : Clicked]]>
            </line>
            <line>
              <![CDATA[inside method beforeChangeValueOf on : Clicked]]>
            </line>
            <line>
              <![CDATA[inside method afterChangeValueOf on  : Clicked]]>
            </line>
            <line>
              <![CDATA[Trying to click on: [[RemoteWebDriver: chrome on XP (b8f39ab490fa56561b7dd457d2b73089)] -> xpath: //input[@id='btnsubmit']]]]>
            </line>
            <line>
              <![CDATA[Clicked on: [[RemoteWebDriver: chrome on XP (b8f39ab490fa56561b7dd457d2b73089)] -> xpath: //input[@id='btnsubmit']]]]>
            </line>
          </reporter-output>
        </test-method> <!-- verifiyLoginWithDifferentRecords -->
        <test-method status="SKIP" signature="verifiyLoginWithDifferentRecords(java.lang.String, java.lang.String, java.lang.String)[pri:0, instance:com.test.automation.UIAutomation.tests.VerifiyLoginWithDifferentRecords@5ea434c8]" name="verifiyLoginWithDifferentRecords" duration-ms="8" started-at="2018-06-26T03:02:43Z" data-provider="loginData" finished-at="2018-06-26T03:02:43Z">
          <params>
            <param index="0">
              <value>
                <![CDATA[Test1@gmail.com]]>
              </value>
            </param>
            <param index="1">
              <value>
                <![CDATA[password1]]>
              </value>
            </param>
            <param index="2">
              <value>
                <![CDATA[n]]>
              </value>
            </param>
          </params>
          <exception class="org.testng.SkipException">
            <message>
              <![CDATA[Skipping this exception]]>
            </message>
            <full-stacktrace>
              <![CDATA[org.testng.SkipException: Skipping this exception
	at com.test.automation.UIAutomation.tests.VerifiyLoginWithDifferentRecords.verifiyLoginWithDifferentRecords(VerifiyLoginWithDifferentRecords.java:46)
	at sun.reflect.NativeMethodAccessorImpl.invoke0(Native Method)
	at sun.reflect.NativeMethodAccessorImpl.invoke(NativeMethodAccessorImpl.java:62)
	at sun.reflect.DelegatingMethodAccessorImpl.invoke(DelegatingMethodAccessorImpl.java:43)
	at java.lang.reflect.Method.invoke(Method.java:483)
	at org.testng.internal.MethodInvocationHelper.invokeMethod(MethodInvocationHelper.java:104)
	at org.testng.internal.InvokeMethodRunnable.runOne(InvokeMethodRunnable.java:54)
	at org.testng.internal.InvokeMethodRunnable.run(InvokeMethodRunnable.java:44)
	at java.util.concurrent.Executors$RunnableAdapter.call(Executors.java:511)
	at java.util.concurrent.FutureTask.run(FutureTask.java:266)
	at java.util.concurrent.ThreadPoolExecutor.runWorker(ThreadPoolExecutor.java:1142)
	at java.util.concurrent.ThreadPoolExecutor$Worker.run(ThreadPoolExecutor.java:617)
	at java.lang.Thread.run(Thread.java:745)
]]>
            </full-stacktrace>
          </exception> <!-- org.testng.SkipException -->
          <reporter-output>
          </reporter-output>
        </test-method> <!-- verifiyLoginWithDifferentRecords -->
        <test-method status="SKIP" signature="verifiyLoginWithDifferentRecords(java.lang.String, java.lang.String, java.lang.String)[pri:0, instance:com.test.automation.UIAutomation.tests.VerifiyLoginWithDifferentRecords@5ea434c8]" name="verifiyLoginWithDifferentRecords" duration-ms="7" started-at="2018-06-26T03:02:43Z" data-provider="loginData" finished-at="2018-06-26T03:02:43Z">
          <params>
            <param index="0">
              <value>
                <![CDATA[Test2@gmail.com]]>
              </value>
            </param>
            <param index="1">
              <value>
                <![CDATA[password2]]>
              </value>
            </param>
            <param index="2">
              <value>
                <![CDATA[n]]>
              </value>
            </param>
          </params>
          <exception class="org.testng.SkipException">
            <message>
              <![CDATA[Skipping this exception]]>
            </message>
            <full-stacktrace>
              <![CDATA[org.testng.SkipException: Skipping this exception
	at com.test.automation.UIAutomation.tests.VerifiyLoginWithDifferentRecords.verifiyLoginWithDifferentRecords(VerifiyLoginWithDifferentRecords.java:46)
	at sun.reflect.NativeMethodAccessorImpl.invoke0(Native Method)
	at sun.reflect.NativeMethodAccessorImpl.invoke(NativeMethodAccessorImpl.java:62)
	at sun.reflect.DelegatingMethodAccessorImpl.invoke(DelegatingMethodAccessorImpl.java:43)
	at java.lang.reflect.Method.invoke(Method.java:483)
	at org.testng.internal.MethodInvocationHelper.invokeMethod(MethodInvocationHelper.java:104)
	at org.testng.internal.InvokeMethodRunnable.runOne(InvokeMethodRunnable.java:54)
	at org.testng.internal.InvokeMethodRunnable.run(InvokeMethodRunnable.java:44)
	at java.util.concurrent.Executors$RunnableAdapter.call(Executors.java:511)
	at java.util.concurrent.FutureTask.run(FutureTask.java:266)
	at java.util.concurrent.ThreadPoolExecutor.runWorker(ThreadPoolExecutor.java:1142)
	at java.util.concurrent.ThreadPoolExecutor$Worker.run(ThreadPoolExecutor.java:617)
	at java.lang.Thread.run(Thread.java:745)
]]>
            </full-stacktrace>
          </exception> <!-- org.testng.SkipException -->
          <reporter-output>
          </reporter-output>
        </test-method> <!-- verifiyLoginWithDifferentRecords -->
        <test-method status="SKIP" signature="verifiyLoginWithDifferentRecords(java.lang.String, java.lang.String, java.lang.String)[pri:0, instance:com.test.automation.UIAutomation.tests.VerifiyLoginWithDifferentRecords@5ea434c8]" name="verifiyLoginWithDifferentRecords" duration-ms="5" started-at="2018-06-26T03:02:43Z" data-provider="loginData" finished-at="2018-06-26T03:02:43Z">
          <params>
            <param index="0">
              <value>
                <![CDATA[Test3@gmail.com]]>
              </value>
            </param>
            <param index="1">
              <value>
                <![CDATA[password3]]>
              </value>
            </param>
            <param index="2">
              <value>
                <![CDATA[n]]>
              </value>
            </param>
          </params>
          <exception class="org.testng.SkipException">
            <message>
              <![CDATA[Skipping this exception]]>
            </message>
            <full-stacktrace>
              <![CDATA[org.testng.SkipException: Skipping this exception
	at com.test.automation.UIAutomation.tests.VerifiyLoginWithDifferentRecords.verifiyLoginWithDifferentRecords(VerifiyLoginWithDifferentRecords.java:46)
	at sun.reflect.NativeMethodAccessorImpl.invoke0(Native Method)
	at sun.reflect.NativeMethodAccessorImpl.invoke(NativeMethodAccessorImpl.java:62)
	at sun.reflect.DelegatingMethodAccessorImpl.invoke(DelegatingMethodAccessorImpl.java:43)
	at java.lang.reflect.Method.invoke(Method.java:483)
	at org.testng.internal.MethodInvocationHelper.invokeMethod(MethodInvocationHelper.java:104)
	at org.testng.internal.InvokeMethodRunnable.runOne(InvokeMethodRunnable.java:54)
	at org.testng.internal.InvokeMethodRunnable.run(InvokeMethodRunnable.java:44)
	at java.util.concurrent.Executors$RunnableAdapter.call(Executors.java:511)
	at java.util.concurrent.FutureTask.run(FutureTask.java:266)
	at java.util.concurrent.ThreadPoolExecutor.runWorker(ThreadPoolExecutor.java:1142)
	at java.util.concurrent.ThreadPoolExecutor$Worker.run(ThreadPoolExecutor.java:617)
	at java.lang.Thread.run(Thread.java:745)
]]>
            </full-stacktrace>
          </exception> <!-- org.testng.SkipException -->
          <reporter-output>
          </reporter-output>
        </test-method> <!-- verifiyLoginWithDifferentRecords -->
        <test-method status="SKIP" signature="verifiyLoginWithDifferentRecords(java.lang.String, java.lang.String, java.lang.String)[pri:0, instance:com.test.automation.UIAutomation.tests.VerifiyLoginWithDifferentRecords@5ea434c8]" name="verifiyLoginWithDifferentRecords" duration-ms="4" started-at="2018-06-26T03:02:43Z" data-provider="loginData" finished-at="2018-06-26T03:02:43Z">
          <params>
            <param index="0">
              <value>
                <![CDATA[Test4@gmail.com]]>
              </value>
            </param>
            <param index="1">
              <value>
                <![CDATA[password4]]>
              </value>
            </param>
            <param index="2">
              <value>
                <![CDATA[n]]>
              </value>
            </param>
          </params>
          <exception class="org.testng.SkipException">
            <message>
              <![CDATA[Skipping this exception]]>
            </message>
            <full-stacktrace>
              <![CDATA[org.testng.SkipException: Skipping this exception
	at com.test.automation.UIAutomation.tests.VerifiyLoginWithDifferentRecords.verifiyLoginWithDifferentRecords(VerifiyLoginWithDifferentRecords.java:46)
	at sun.reflect.NativeMethodAccessorImpl.invoke0(Native Method)
	at sun.reflect.NativeMethodAccessorImpl.invoke(NativeMethodAccessorImpl.java:62)
	at sun.reflect.DelegatingMethodAccessorImpl.invoke(DelegatingMethodAccessorImpl.java:43)
	at java.lang.reflect.Method.invoke(Method.java:483)
	at org.testng.internal.MethodInvocationHelper.invokeMethod(MethodInvocationHelper.java:104)
	at org.testng.internal.InvokeMethodRunnable.runOne(InvokeMethodRunnable.java:54)
	at org.testng.internal.InvokeMethodRunnable.run(InvokeMethodRunnable.java:44)
	at java.util.concurrent.Executors$RunnableAdapter.call(Executors.java:511)
	at java.util.concurrent.FutureTask.run(FutureTask.java:266)
	at java.util.concurrent.ThreadPoolExecutor.runWorker(ThreadPoolExecutor.java:1142)
	at java.util.concurrent.ThreadPoolExecutor$Worker.run(ThreadPoolExecutor.java:617)
	at java.lang.Thread.run(Thread.java:745)
]]>
            </full-stacktrace>
          </exception> <!-- org.testng.SkipException -->
          <reporter-output>
          </reporter-output>
        </test-method> <!-- verifiyLoginWithDifferentRecords -->
        <test-method status="SKIP" signature="verifiyLoginWithDifferentRecords(java.lang.String, java.lang.String, java.lang.String)[pri:0, instance:com.test.automation.UIAutomation.tests.VerifiyLoginWithDifferentRecords@5ea434c8]" name="verifiyLoginWithDifferentRecords" duration-ms="2" started-at="2018-06-26T03:02:43Z" data-provider="loginData" finished-at="2018-06-26T03:02:43Z">
          <params>
            <param index="0">
              <value>
                <![CDATA[Test5@gmail.com]]>
              </value>
            </param>
            <param index="1">
              <value>
                <![CDATA[password5]]>
              </value>
            </param>
            <param index="2">
              <value>
                <![CDATA[n]]>
              </value>
            </param>
          </params>
          <exception class="org.testng.SkipException">
            <message>
              <![CDATA[Skipping this exception]]>
            </message>
            <full-stacktrace>
              <![CDATA[org.testng.SkipException: Skipping this exception
	at com.test.automation.UIAutomation.tests.VerifiyLoginWithDifferentRecords.verifiyLoginWithDifferentRecords(VerifiyLoginWithDifferentRecords.java:46)
	at sun.reflect.NativeMethodAccessorImpl.invoke0(Native Method)
	at sun.reflect.NativeMethodAccessorImpl.invoke(NativeMethodAccessorImpl.java:62)
	at sun.reflect.DelegatingMethodAccessorImpl.invoke(DelegatingMethodAccessorImpl.java:43)
	at java.lang.reflect.Method.invoke(Method.java:483)
	at org.testng.internal.MethodInvocationHelper.invokeMethod(MethodInvocationHelper.java:104)
	at org.testng.internal.InvokeMethodRunnable.runOne(InvokeMethodRunnable.java:54)
	at org.testng.internal.InvokeMethodRunnable.run(InvokeMethodRunnable.java:44)
	at java.util.concurrent.Executors$RunnableAdapter.call(Executors.java:511)
	at java.util.concurrent.FutureTask.run(FutureTask.java:266)
	at java.util.concurrent.ThreadPoolExecutor.runWorker(ThreadPoolExecutor.java:1142)
	at java.util.concurrent.ThreadPoolExecutor$Worker.run(ThreadPoolExecutor.java:617)
	at java.lang.Thread.run(Thread.java:745)
]]>
            </full-stacktrace>
          </exception> <!-- org.testng.SkipException -->
          <reporter-output>
          </reporter-output>
        </test-method> <!-- verifiyLoginWithDifferentRecords -->
        <test-method status="PASS" signature="close()[pri:0, instance:com.test.automation.UIAutomation.tests.VerifiyLoginWithDifferentRecords@5ea434c8]" name="close" is-config="true" duration-ms="241" started-at="2018-06-26T03:02:43Z" finished-at="2018-06-26T03:02:43Z">
          <reporter-output>
          </reporter-output>
        </test-method> <!-- close -->
      </class> <!-- com.test.automation.UIAutomation.tests.VerifiyLoginWithDifferentRecords -->
    </test> <!-- Login -->
  </suite> <!-- Login With DifferentRecords Suite -->
</testng-results>
