<?xml version="1.0" encoding="UTF-8"?>
<testsuite xmlns:xsi="http://www.w3.org/2001/XMLSchema-instance" xsi:noNamespaceSchemaLocation="https://maven.apache.org/surefire/maven-surefire-plugin/xsd/surefire-test-report.xsd" name="TestSuite" time="28.243" tests="7" errors="0" skipped="5" failures="0">
  <properties>
[...]
</properties>
  <testcase name="verifiyLoginWithDifferentRecords" classname="com.test.automation.UIAutomation.tests.VerifiyLoginWithDifferentRecords" time="4.402"/>
  <testcase name="verifiyLoginWithDifferentRecords" classname="com.test.automation.UIAutomation.tests.VerifiyLoginWithDifferentRecords" time="3.402"/>
  <testcase name="verifiyLoginWithDifferentRecords" classname="com.test.automation.UIAutomation.tests.VerifiyLoginWithDifferentRecords" time="0">
    <skipped message="Skipping this exception"/>
    <system-out><![CDATA[2018-06-26 03:02:43 INFO  VerifiyLoginWithDifferentRecords:42 - verifiyLoginWithDifferentRecords method skipped
]]></system-out>
  </testcase>
  <testcase name="verifiyLoginWithDifferentRecords" classname="com.test.automation.UIAutomation.tests.VerifiyLoginWithDifferentRecords" time="0">
    <skipped message="Skipping this exception"/>
    <system-out><![CDATA[2018-06-26 03:02:43 INFO  VerifiyLoginWithDifferentRecords:42 - verifiyLoginWithDifferentRecords method skipped
]]></system-out>
  </testcase>
  <testcase name="verifiyLoginWithDifferentRecords" classname="com.test.automation.UIAutomation.tests.VerifiyLoginWithDifferentRecords" time="0">
    <skipped message="Skipping this exception"/>
    <system-out><![CDATA[2018-06-26 03:02:43 INFO  VerifiyLoginWithDifferentRecords:42 - verifiyLoginWithDifferentRecords method skipped
]]></system-out>
  </testcase>
  <testcase name="verifiyLoginWithDifferentRecords" classname="com.test.automation.UIAutomation.tests.VerifiyLoginWithDifferentRecords" time="0">
    <skipped message="Skipping this exception"/>
    <system-out><![CDATA[2018-06-26 03:02:43 INFO  VerifiyLoginWithDifferentRecords:42 - verifiyLoginWithDifferentRecords method skipped
]]></system-out>
  </testcase>
  <testcase name="verifiyLoginWithDifferentRecords" classname="com.test.automation.UIAutomation.tests.VerifiyLoginWithDifferentRecords" time="0">
    <skipped message="Skipping this exception"/>
    <system-out><![CDATA[2018-06-26 03:02:43 INFO  VerifiyLoginWithDifferentRecords:42 - verifiyLoginWithDifferentRecords method skipped
]]></system-out>
  </testcase>
</testsuite>