<?xml version="1.0" encoding="UTF-8"?>
<!-- Generated by org.testng.reporters.JUnitXMLReporter -->
<testsuite hostname="RIPLBRD50" ignored="0" name="CandidateLifeCycle" tests="10" failures="0" timestamp="08 May 2018 09:32:19 GMT" time="0.67" errors="0">
  <testcase name="@BeforeTest setUp1" time="0.0" classname="com.test.automation.UIAutomation.testBase.TestBase">
    <failure type="java.lang.NoSuchMethodError" message="org.openqa.selenium.chrome.ChromeOptions.setCapability(Ljava/lang/String;Z)V">
      <![CDATA[java.lang.NoSuchMethodError: org.openqa.selenium.chrome.ChromeOptions.setCapability(Ljava/lang/String;Z)V
	at com.test.automation.UIAutomation.testBase.LocalDriverFactory.initChromeDriver(LocalDriverFactory.java:84)
	at com.test.automation.UIAutomation.testBase.LocalDriverFactory.createInstance(LocalDriverFactory.java:50)
	at com.test.automation.UIAutomation.testBase.LocalDriverFactory.initilize(LocalDriverFactory.java:29)
	at com.test.automation.UIAutomation.testBase.TestBase.setDriver(TestBase.java:236)
	at com.test.automation.UIAutomation.testBase.TestBase.initializeTestBaseSetup(TestBase.java:226)
	at com.test.automation.UIAutomation.testBase.TestBase.setUp1(TestBase.java:211)
... Removed 23 stack frames]]>
    </failure>
  </testcase> <!-- @BeforeTest setUp1 -->
  <testcase name="@BeforeTest beforeTest" time="0.0" classname="com.test.automation.UIAutomation.tests.CandidateHiredCycle">
    <skipped/>
  </testcase> <!-- @BeforeTest beforeTest -->
  <testcase name="@BeforeTest beforeTest2" time="0.0" classname="com.test.automation.UIAutomation.tests.CandidateHiredCycle">
    <skipped/>
  </testcase> <!-- @BeforeTest beforeTest2 -->
  <testcase name="login" time="0.004" classname="com.test.automation.UIAutomation.tests.CandidateHiredCycle">
    <skipped/>
  </testcase> <!-- login -->
  <testcase name="searchRequirement" time="0.001" classname="com.test.automation.UIAutomation.tests.CandidateHiredCycle">
    <skipped/>
  </testcase> <!-- searchRequirement -->
  <testcase name="selectMatches" time="0.001" classname="com.test.automation.UIAutomation.tests.CandidateHiredCycle">
    <skipped/>
  </testcase> <!-- selectMatches -->
  <testcase name="AddCandidateReferences" time="0.0" classname="com.test.automation.UIAutomation.tests.CandidateHiredCycle">
    <skipped/>
  </testcase> <!-- AddCandidateReferences -->
  <testcase name="assessment" time="0.0" classname="com.test.automation.UIAutomation.tests.CandidateHiredCycle">
    <skipped/>
  </testcase> <!-- assessment -->
  <testcase name="prospective" time="0.0" classname="com.test.automation.UIAutomation.tests.CandidateHiredCycle">
    <skipped/>
  </testcase> <!-- prospective -->
  <testcase name="submission" time="0.0" classname="com.test.automation.UIAutomation.tests.CandidateHiredCycle">
    <skipped/>
  </testcase> <!-- submission -->
  <testcase name="shortlisted" time="0.0" classname="com.test.automation.UIAutomation.tests.CandidateHiredCycle">
    <skipped/>
  </testcase> <!-- shortlisted -->
  <testcase name="interview" time="0.0" classname="com.test.automation.UIAutomation.tests.CandidateHiredCycle">
    <skipped/>
  </testcase> <!-- interview -->
  <testcase name="offerRecived" time="0.0" classname="com.test.automation.UIAutomation.tests.CandidateHiredCycle">
    <skipped/>
  </testcase> <!-- offerRecived -->
</testsuite> <!-- CandidateLifeCycle -->
